<?xml version="1.0" encoding="UTF-8"?>
<!-- Generated by org.testng.reporters.JUnitReportReporter -->
<testsuite hostname="DESKTOP-N6KAGOT" failures="0" tests="2" name="tests.LoginPageTest" time="49.008" errors="0" timestamp="2021-06-30T03:07:46 EET" skipped="0">
  <testcase classname="tests.LoginPageTest" name="UserLoginSuccessfully" time="36.073"/>
  <system-out/>
  <testcase classname="tests.LoginPageTest" name="UserLoginUnsuccessfully" time="12.935"/>
  <system-out/>
</testsuite> <!-- tests.LoginPageTest -->
