<?xml version="1.0" encoding="UTF-8"?>
<!-- Generated by org.testng.reporters.JUnitReportReporter -->
<testsuite skipped="0" hostname="DESKTOP-JBHN18P" name="tests.RegisterPageTest" tests="1" failures="0" timestamp="03 Mar 2021 08:35:42 GMT" time="10.043" errors="0">
  <testcase name="UserCanRegister" time="10.043" classname="tests.RegisterPageTest"/>
</testsuite> <!-- tests.RegisterPageTest -->
