<?xml version="1.0" encoding="UTF-8"?>
<!-- Generated by org.testng.reporters.JUnitReportReporter -->
<testsuite skipped="0" hostname="DESKTOP-JBHN18P" name="tests.OrderTest" tests="3" failures="0" timestamp="17 Mar 2021 12:22:20 GMT" time="38.162" errors="0">
  <testcase name="UserCanLogin" time="7.430" classname="tests.OrderTest"/>
  <testcase name="AssignProductToOrder" time="23.003" classname="tests.OrderTest"/>
  <testcase name="CheckOutOrder" time="7.729" classname="tests.OrderTest"/>
</testsuite> <!-- tests.OrderTest -->
